[debug] [2023-01-25T06:01:56.367Z] ----------------------------------------------------------------------
[debug] [2023-01-25T06:01:56.370Z] Command:       C:\Program Files\nodejs\node.exe C:\Users\User\AppData\Roaming\npm\node_modules\firebase-tools\lib\bin\firebase.js init
[debug] [2023-01-25T06:01:56.370Z] CLI Version:   11.21.0
[debug] [2023-01-25T06:01:56.370Z] Platform:      win32
[debug] [2023-01-25T06:01:56.370Z] Node Version:  v18.12.1
[debug] [2023-01-25T06:01:56.371Z] Time:          Wed Jan 25 2023 01:01:56 GMT-0500 (Eastern Standard Time)
[debug] [2023-01-25T06:01:56.372Z] ----------------------------------------------------------------------
[debug] 
[debug] [2023-01-25T06:01:56.376Z] >>> [apiv2][query] GET https://firebase-public.firebaseio.com/cli.json [none]
[debug] [2023-01-25T06:01:56.437Z] > command requires scopes: ["email","openid","https://www.googleapis.com/auth/cloudplatformprojects.readonly","https://www.googleapis.com/auth/firebase","https://www.googleapis.com/auth/cloud-platform"]
[debug] [2023-01-25T06:01:56.437Z] > authorizing via signed-in user (ehabfarag20@gmail.com)
[info] 
     ######## #### ########  ######## ########     ###     ######  ########
     ##        ##  ##     ## ##       ##     ##  ##   ##  ##       ##
     ######    ##  ########  ######   ########  #########  ######  ######
     ##        ##  ##    ##  ##       ##     ## ##     ##       ## ##
     ##       #### ##     ## ######## ########  ##     ##  ######  ########

You're about to initialize a Firebase project in this directory:

  C:\Users\User\twitter-clone\src

[debug] [2023-01-25T06:01:56.601Z] <<< [apiv2][status] GET https://firebase-public.firebaseio.com/cli.json 200
[debug] [2023-01-25T06:01:56.601Z] <<< [apiv2][body] GET https://firebase-public.firebaseio.com/cli.json {"cloudBuildErrorAfter":1594252800000,"cloudBuildWarnAfter":1590019200000,"defaultNode10After":1594252800000,"minVersion":"3.0.5","node8DeploysDisabledAfter":1613390400000,"node8RuntimeDisabledAfter":1615809600000,"node8WarnAfter":1600128000000}
